<?xml version="1.0" encoding="UTF-8"?>
<!-- Generated by org.testng.reporters.JUnitReportReporter -->
<testsuite hostname="DELL-LAPTOP-7000" failures="0" tests="4" name="com.compugain.deckofcards.apitests.TCCreateNewDeckAndDrawAPI" time="3.288" errors="0" timestamp="2020-12-06T18:43:08 CST" skipped="0">
  <testcase classname="com.compugain.deckofcards.apitests.TCCreateNewDeckAndDrawAPI" name="CreateNewDeckOfCardsWithoutJokerSuccess" time="2.521"/>
  <system-out/>
  <testcase classname="com.compugain.deckofcards.apitests.TCCreateNewDeckAndDrawAPI" name="CreateNewDeckOfCardsWithJokerSuccess" time="0.299"/>
  <system-out/>
  <testcase classname="com.compugain.deckofcards.apitests.TCCreateNewDeckAndDrawAPI" name="DrawCardWithoutJokerSuccess" time="0.235"/>
  <system-out/>
  <testcase classname="com.compugain.deckofcards.apitests.TCCreateNewDeckAndDrawAPI" name="DrawCardWithJokerSuccess" time="0.233"/>
  <system-out/>
</testsuite> <!-- com.compugain.deckofcards.apitests.TCCreateNewDeckAndDrawAPI -->
