<?xml version="1.0" encoding="UTF-8"?>
<!-- Generated by org.testng.reporters.JUnitXMLReporter -->
<testsuite ignored="0" hostname="DELL-LAPTOP-7000" failures="0" tests="4" name="Create New Deck and Draw Cards from Deck" time="3.317" errors="0" timestamp="2020-12-06T18:43:08 CST">
  <testcase classname="com.compugain.deckofcards.apitests.TCCreateNewDeckAndDrawAPI" name="CreateNewDeckOfCardsWithoutJokerSuccess" time="2.521"/>
  <testcase classname="com.compugain.deckofcards.apitests.TCCreateNewDeckAndDrawAPI" name="CreateNewDeckOfCardsWithJokerSuccess" time="0.299"/>
  <testcase classname="com.compugain.deckofcards.apitests.TCCreateNewDeckAndDrawAPI" name="DrawCardWithoutJokerSuccess" time="0.235"/>
  <testcase classname="com.compugain.deckofcards.apitests.TCCreateNewDeckAndDrawAPI" name="DrawCardWithJokerSuccess" time="0.233"/>
</testsuite> <!-- Create New Deck and Draw Cards from Deck -->
