<?xml version="1.0" encoding="UTF-8"?>
<testsuite xmlns:xsi="http://www.w3.org/2001/XMLSchema-instance" xsi:noNamespaceSchemaLocation="https://maven.apache.org/surefire/maven-surefire-plugin/xsd/surefire-test-report-3.0.xsd" version="3.0" name="com.homepoint.deckofcards.apitests.TestCasesForDeckOfCardsAPI" time="3.609" tests="4" errors="0" skipped="0" failures="0">
  <properties>
[...]
</properties>
  <testcase name="GivenCreateNewDeckOfCardsWhenJokersEnabledIsFalseThenSuccess" classname="com.homepoint.deckofcards.apitests.TestCasesForDeckOfCardsAPI" time="2.751"/>
  <testcase name="GivenCreateNewDeckOfCardsWhenJokersEnabledIsTrueThenSuccess" classname="com.homepoint.deckofcards.apitests.TestCasesForDeckOfCardsAPI" time="0.334"/>
  <testcase name="GivenDrawACardWhenJokersEnabledIsFalseThenSuccess" classname="com.homepoint.deckofcards.apitests.TestCasesForDeckOfCardsAPI" time="0.272"/>
  <testcase name="GivenDrawACardWhenJokersEnabledIsTrueThenSuccess" classname="com.homepoint.deckofcards.apitests.TestCasesForDeckOfCardsAPI" time="0.228"/>
</testsuite>