<?xml version="1.0" encoding="UTF-8"?>
<testng-results ignored="0" total="4" passed="4" failed="0" skipped="0">
  <reporter-output>
  </reporter-output>
  <suite started-at="2020-12-06T17:20:01 CST" name="Deck Of Cards - End to End Testing" finished-at="2020-12-06T17:20:05 CST" duration-ms="3707">
    <groups>
    </groups>
    <test started-at="2020-12-06T17:20:01 CST" name="Create New Deck and Draw Cards from Deck" finished-at="2020-12-06T17:20:05 CST" duration-ms="3707">
      <class name="com.compugain.deckofcards.apitests.TCCreateNewDeckAndDrawAPI">
        <test-method signature="CreateNewDeckOfCardsWithoutJokerSuccess()[pri:1, instance:com.compugain.deckofcards.apitests.TCCreateNewDeckAndDrawAPI@150c158]" started-at="2020-12-06T17:20:01 CST" name="CreateNewDeckOfCardsWithoutJokerSuccess" finished-at="2020-12-06T17:20:04 CST" duration-ms="2712" status="PASS">
          <reporter-output>
          </reporter-output>
        </test-method> <!-- CreateNewDeckOfCardsWithoutJokerSuccess -->
        <test-method signature="CreateNewDeckOfCardsWithJokerSuccess()[pri:2, instance:com.compugain.deckofcards.apitests.TCCreateNewDeckAndDrawAPI@150c158]" started-at="2020-12-06T17:20:04 CST" name="CreateNewDeckOfCardsWithJokerSuccess" finished-at="2020-12-06T17:20:04 CST" duration-ms="404" status="PASS">
          <reporter-output>
          </reporter-output>
        </test-method> <!-- CreateNewDeckOfCardsWithJokerSuccess -->
        <test-method signature="DrawCardWithoutJokerSuccess()[pri:3, instance:com.compugain.deckofcards.apitests.TCCreateNewDeckAndDrawAPI@150c158]" started-at="2020-12-06T17:20:04 CST" name="DrawCardWithoutJokerSuccess" finished-at="2020-12-06T17:20:05 CST" duration-ms="309" status="PASS">
          <reporter-output>
          </reporter-output>
        </test-method> <!-- DrawCardWithoutJokerSuccess -->
        <test-method signature="DrawCardWithJokerSuccess()[pri:4, instance:com.compugain.deckofcards.apitests.TCCreateNewDeckAndDrawAPI@150c158]" started-at="2020-12-06T17:20:05 CST" name="DrawCardWithJokerSuccess" finished-at="2020-12-06T17:20:05 CST" duration-ms="237" status="PASS">
          <reporter-output>
          </reporter-output>
        </test-method> <!-- DrawCardWithJokerSuccess -->
      </class> <!-- com.compugain.deckofcards.apitests.TCCreateNewDeckAndDrawAPI -->
    </test> <!-- Create New Deck and Draw Cards from Deck -->
  </suite> <!-- Deck Of Cards - End to End Testing -->
</testng-results>
