<?xml version="1.0" encoding="UTF-8"?>
<!-- Generated by org.testng.reporters.JUnitReportReporter -->
<testsuite hostname="DELL-LAPTOP-7000" failures="0" tests="4" name="com.compugain.deckofcards.apitests.TCCreateNewDeckAndDrawAPI" time="3.662" errors="0" timestamp="2020-12-06T17:20:05 CST" skipped="0">
  <testcase classname="com.compugain.deckofcards.apitests.TCCreateNewDeckAndDrawAPI" name="CreateNewDeckOfCardsWithoutJokerSuccess" time="2.712"/>
  <system-out/>
  <testcase classname="com.compugain.deckofcards.apitests.TCCreateNewDeckAndDrawAPI" name="CreateNewDeckOfCardsWithJokerSuccess" time="0.404"/>
  <system-out/>
  <testcase classname="com.compugain.deckofcards.apitests.TCCreateNewDeckAndDrawAPI" name="DrawCardWithoutJokerSuccess" time="0.309"/>
  <system-out/>
  <testcase classname="com.compugain.deckofcards.apitests.TCCreateNewDeckAndDrawAPI" name="DrawCardWithJokerSuccess" time="0.237"/>
  <system-out/>
</testsuite> <!-- com.compugain.deckofcards.apitests.TCCreateNewDeckAndDrawAPI -->
