<?xml version="1.0" encoding="UTF-8"?>
<!-- Generated by org.testng.reporters.JUnitXMLReporter -->
<testsuite ignored="0" hostname="DELL-LAPTOP-7000" failures="0" tests="4" name="Create New Deck and Draw Cards from Deck" time="3.707" errors="0" timestamp="2020-12-06T17:20:05 CST">
  <testcase classname="com.compugain.deckofcards.apitests.TCCreateNewDeckAndDrawAPI" name="CreateNewDeckOfCardsWithoutJokerSuccess" time="2.712"/>
  <testcase classname="com.compugain.deckofcards.apitests.TCCreateNewDeckAndDrawAPI" name="CreateNewDeckOfCardsWithJokerSuccess" time="0.404"/>
  <testcase classname="com.compugain.deckofcards.apitests.TCCreateNewDeckAndDrawAPI" name="DrawCardWithoutJokerSuccess" time="0.309"/>
  <testcase classname="com.compugain.deckofcards.apitests.TCCreateNewDeckAndDrawAPI" name="DrawCardWithJokerSuccess" time="0.237"/>
</testsuite> <!-- Create New Deck and Draw Cards from Deck -->
